<?xml version="1.0" encoding="UTF-8"?>
<!-- Generated by org.testng.reporters.JUnitReportReporter -->
<testsuite skipped="0" hostname="Neels-MacBook-Pro.local" name="flexonframework.com.testClass.TestCases" tests="1" failures="0" timestamp="12 Jun 2019 18:22:26 GMT" time="1.229" errors="0">
  <testcase name="enterUnamePass" time="1.229" classname="flexonframework.com.testClass.TestCases"/>
</testsuite> <!-- flexonframework.com.testClass.TestCases -->
